0 info it worked if it ends with ok
1 verbose cli [ 'node',
1 verbose cli   '/usr/local/bin/npm',
1 verbose cli   'install',
1 verbose cli   'https://npmjs.org/package/tumblr.js' ]
2 info using npm@1.4.28
3 info using node@v0.10.32
4 verbose cache add [ 'https://npmjs.org/package/tumblr.js', null ]
5 verbose cache add name=undefined spec="https://npmjs.org/package/tumblr.js" args=["https://npmjs.org/package/tumblr.js",null]
6 verbose parsed url { protocol: 'https:',
6 verbose parsed url   slashes: true,
6 verbose parsed url   auth: null,
6 verbose parsed url   host: 'npmjs.org',
6 verbose parsed url   port: null,
6 verbose parsed url   hostname: 'npmjs.org',
6 verbose parsed url   hash: null,
6 verbose parsed url   search: null,
6 verbose parsed url   query: null,
6 verbose parsed url   pathname: '/package/tumblr.js',
6 verbose parsed url   path: '/package/tumblr.js',
6 verbose parsed url   href: 'https://npmjs.org/package/tumblr.js' }
7 silly lockFile dcee16cf-ttps-npmjs-org-package-tumblr-js https://npmjs.org/package/tumblr.js
8 verbose lock https://npmjs.org/package/tumblr.js /Users/Intrepid-MacMini/.npm/dcee16cf-ttps-npmjs-org-package-tumblr-js.lock
9 verbose addRemoteTarball [ 'https://npmjs.org/package/tumblr.js', null ]
10 info retry fetch attempt 1 at 09:50:54
11 verbose fetch to= /var/folders/sb/y2hs3qxd0bvc3xqby3sfww780000gn/T/npm-1573-AwuEelTu/npmjs.org/package/tumblr.js
12 http GET https://npmjs.org/package/tumblr.js
13 http 200 https://npmjs.org/package/tumblr.js
14 verbose tar unpack /var/folders/sb/y2hs3qxd0bvc3xqby3sfww780000gn/T/npm-1573-AwuEelTu/npmjs.org/package/tumblr.js
15 silly lockFile 9a090a0c-mjs-org-package-tumblr-js-unpack tar:///var/folders/sb/y2hs3qxd0bvc3xqby3sfww780000gn/T/npm-1573-AwuEelTu/npmjs.org/package/tumblr.js-unpack
16 verbose lock tar:///var/folders/sb/y2hs3qxd0bvc3xqby3sfww780000gn/T/npm-1573-AwuEelTu/npmjs.org/package/tumblr.js-unpack /Users/Intrepid-MacMini/.npm/9a090a0c-mjs-org-package-tumblr-js-unpack.lock
17 silly lockFile 114b7f12-elTu-npmjs-org-package-tumblr-js tar:///var/folders/sb/y2hs3qxd0bvc3xqby3sfww780000gn/T/npm-1573-AwuEelTu/npmjs.org/package/tumblr.js
18 verbose lock tar:///var/folders/sb/y2hs3qxd0bvc3xqby3sfww780000gn/T/npm-1573-AwuEelTu/npmjs.org/package/tumblr.js /Users/Intrepid-MacMini/.npm/114b7f12-elTu-npmjs-org-package-tumblr-js.lock
19 silly gunzTarPerm modes [ '755', '644' ]
20 error not a package /var/folders/sb/y2hs3qxd0bvc3xqby3sfww780000gn/T/npm-1573-AwuEelTu/npmjs.org/package/tumblr.js
21 silly lockFile 9a090a0c-mjs-org-package-tumblr-js-unpack tar:///var/folders/sb/y2hs3qxd0bvc3xqby3sfww780000gn/T/npm-1573-AwuEelTu/npmjs.org/package/tumblr.js-unpack
22 silly lockFile 9a090a0c-mjs-org-package-tumblr-js-unpack tar:///var/folders/sb/y2hs3qxd0bvc3xqby3sfww780000gn/T/npm-1573-AwuEelTu/npmjs.org/package/tumblr.js-unpack
23 silly lockFile 114b7f12-elTu-npmjs-org-package-tumblr-js tar:///var/folders/sb/y2hs3qxd0bvc3xqby3sfww780000gn/T/npm-1573-AwuEelTu/npmjs.org/package/tumblr.js
24 silly lockFile 114b7f12-elTu-npmjs-org-package-tumblr-js tar:///var/folders/sb/y2hs3qxd0bvc3xqby3sfww780000gn/T/npm-1573-AwuEelTu/npmjs.org/package/tumblr.js
25 silly lockFile dcee16cf-ttps-npmjs-org-package-tumblr-js https://npmjs.org/package/tumblr.js
26 silly lockFile dcee16cf-ttps-npmjs-org-package-tumblr-js https://npmjs.org/package/tumblr.js
27 error Error: ENOENT, open '/var/folders/sb/y2hs3qxd0bvc3xqby3sfww780000gn/T/npm-1573-AwuEelTu/npmjs.org/package/tumblr.js-unpack/package.json'
28 error If you need help, you may report this *entire* log,
28 error including the npm and node versions, at:
28 error     <http://github.com/npm/npm/issues>
29 error System Darwin 12.5.0
30 error command "node" "/usr/local/bin/npm" "install" "https://npmjs.org/package/tumblr.js"
31 error cwd /Users/Intrepid-MacMini/Desktop/Apps/EbooApp/www
32 error node -v v0.10.32
33 error npm -v 1.4.28
34 error path /var/folders/sb/y2hs3qxd0bvc3xqby3sfww780000gn/T/npm-1573-AwuEelTu/npmjs.org/package/tumblr.js-unpack/package.json
35 error code ENOENT
36 error errno 34
37 verbose exit [ 34, true ]
