0 info it worked if it ends with ok
1 verbose cli [ 'node', '/usr/local/bin/npm', 'install', 'request' ]
2 info using npm@1.4.28
3 info using node@v0.10.32
4 verbose readDependencies using package.json deps
5 verbose cache add [ 'request@2.12.0', null ]
6 verbose cache add name=undefined spec="request@2.12.0" args=["request@2.12.0",null]
7 verbose parsed url { protocol: null,
7 verbose parsed url   slashes: null,
7 verbose parsed url   auth: null,
7 verbose parsed url   host: null,
7 verbose parsed url   port: null,
7 verbose parsed url   hostname: null,
7 verbose parsed url   hash: null,
7 verbose parsed url   search: null,
7 verbose parsed url   query: null,
7 verbose parsed url   pathname: 'request@2.12.0',
7 verbose parsed url   path: 'request@2.12.0',
7 verbose parsed url   href: 'request@2.12.0' }
8 verbose cache add name="request" spec="2.12.0" args=["request","2.12.0"]
9 verbose parsed url { protocol: null,
9 verbose parsed url   slashes: null,
9 verbose parsed url   auth: null,
9 verbose parsed url   host: null,
9 verbose parsed url   port: null,
9 verbose parsed url   hostname: null,
9 verbose parsed url   hash: null,
9 verbose parsed url   search: null,
9 verbose parsed url   query: null,
9 verbose parsed url   pathname: '2.12.0',
9 verbose parsed url   path: '2.12.0',
9 verbose parsed url   href: '2.12.0' }
10 verbose addNamed [ 'request', '2.12.0' ]
11 verbose addNamed [ '2.12.0', '2.12.0' ]
12 silly lockFile ba282548-request-2-12-0 request@2.12.0
13 verbose lock request@2.12.0 /Users/Intrepid-MacMini/.npm/ba282548-request-2-12-0.lock
14 verbose request where is /request
15 verbose request registry https://registry.npmjs.org/
16 verbose request id 397bae410ecdf3e2
17 verbose url raw /request
18 verbose url resolving [ 'https://registry.npmjs.org/', './request' ]
19 verbose url resolved https://registry.npmjs.org/request
20 verbose request where is https://registry.npmjs.org/request
21 info trying registry request attempt 1 at 09:58:31
22 verbose etag "21RAO2PR5VVA0VJ9FL6O16FTM"
23 http GET https://registry.npmjs.org/request
24 http 304 https://registry.npmjs.org/request
25 silly registry.get cb [ 304,
25 silly registry.get   { date: 'Thu, 20 Nov 2014 04:28:34 GMT',
25 silly registry.get     server: 'Apache',
25 silly registry.get     via: '1.1 varnish',
25 silly registry.get     'last-modified': 'Thu, 20 Nov 2014 04:28:34 GMT',
25 silly registry.get     'cache-control': 'max-age=60',
25 silly registry.get     etag: '"21RAO2PR5VVA0VJ9FL6O16FTM"',
25 silly registry.get     age: '0',
25 silly registry.get     'x-served-by': 'cache-syd1622-SYD',
25 silly registry.get     'x-cache': 'HIT',
25 silly registry.get     'x-cache-hits': '1',
25 silly registry.get     'x-timer': 'S1416457714.705028,VS0,VE188',
25 silly registry.get     vary: 'Accept',
25 silly registry.get     'content-length': '0',
25 silly registry.get     'keep-alive': 'timeout=10, max=50',
25 silly registry.get     connection: 'Keep-Alive' } ]
26 verbose etag https://registry.npmjs.org/request from cache
27 silly lockFile 37e6a9d4-s-org-request-request-2-12-0-tgz https://registry.npmjs.org/request/-/request-2.12.0.tgz
28 verbose lock https://registry.npmjs.org/request/-/request-2.12.0.tgz /Users/Intrepid-MacMini/.npm/37e6a9d4-s-org-request-request-2-12-0-tgz.lock
29 verbose addRemoteTarball [ 'https://registry.npmjs.org/request/-/request-2.12.0.tgz',
29 verbose addRemoteTarball   '11f46f20b3d0f4848c6383991c80790af16c8e48' ]
30 info retry fetch attempt 1 at 09:58:35
31 verbose fetch to= /var/folders/sb/y2hs3qxd0bvc3xqby3sfww780000gn/T/npm-2230-uiJLmBrQ/registry.npmjs.org/request/-/request-2.12.0.tgz
32 http GET https://registry.npmjs.org/request/-/request-2.12.0.tgz
33 http 200 https://registry.npmjs.org/request/-/request-2.12.0.tgz
34 silly lockFile 37e6a9d4-s-org-request-request-2-12-0-tgz https://registry.npmjs.org/request/-/request-2.12.0.tgz
35 silly lockFile 37e6a9d4-s-org-request-request-2-12-0-tgz https://registry.npmjs.org/request/-/request-2.12.0.tgz
36 silly lockFile ba282548-request-2-12-0 request@2.12.0
37 silly lockFile ba282548-request-2-12-0 request@2.12.0
38 error Error: EACCES, mkdir '/Users/Intrepid-MacMini/.npm/request/2.12.0'
38 error  { [Error: EACCES, mkdir '/Users/Intrepid-MacMini/.npm/request/2.12.0']
38 error   errno: 3,
38 error   code: 'EACCES',
38 error   path: '/Users/Intrepid-MacMini/.npm/request/2.12.0',
38 error   parent: 'tumblr.js' }
39 error Please try running this command again as root/Administrator.
40 error System Darwin 12.5.0
41 error command "node" "/usr/local/bin/npm" "install" "request"
42 error cwd /Users/Intrepid-MacMini/Desktop/Apps/EbooApp/www/tumblr/bin
43 error node -v v0.10.32
44 error npm -v 1.4.28
45 error path /Users/Intrepid-MacMini/.npm/request/2.12.0
46 error code EACCES
47 error errno 3
48 error stack Error: EACCES, mkdir '/Users/Intrepid-MacMini/.npm/request/2.12.0'
49 verbose exit [ 3, true ]
